{"synthetic": false,
 "outputs": null,
 "log":
 [{"message":
   ".> ELAN=elan ELAN_HOME=/home/bashar/.elan ELAN_TOOLCHAIN=leanprover/lean4:v4.24.0-rc1 LAKE=/home/bashar/.elan/toolchains/leanprover--lean4---v4.24.0-rc1/bin/lake LAKE_HOME=/home/bashar/.elan/toolchains/leanprover--lean4---v4.24.0-rc1 LAKE_PKG_URL_MAP={} LAKE_NO_CACHE=false LAKE_ARTIFACT_CACHE=false LAKE_CACHE_DIR=/home/bashar/.elan/toolchains/leanprover--lean4---v4.24.0-rc1/lake/cache LEAN=/home/bashar/.elan/toolchains/leanprover--lean4---v4.24.0-rc1/bin/lean LEAN_SYSROOT=/home/bashar/.elan/toolchains/leanprover--lean4---v4.24.0-rc1 LEAN_AR=/home/bashar/.elan/toolchains/leanprover--lean4---v4.24.0-rc1/bin/llvm-ar LEAN_CC= LEAN_PATH=/home/bashar/lean/.lake/packages/batteries/.lake/build/lib/lean:/home/bashar/lean/.lake/packages/Qq/.lake/build/lib/lean:/home/bashar/lean/.lake/packages/aesop/.lake/build/lib/lean:/home/bashar/lean/.lake/packages/proofwidgets/.lake/build/lib/lean:/home/bashar/lean/.lake/packages/importGraph/.lake/build/lib/lean:/home/bashar/lean/.lake/packages/LeanSearchClient/.lake/build/lib/lean:/home/bashar/lean/.lake/packages/plausible/.lake/build/lib/lean:/home/bashar/lean/.lake/packages/mathlib/.lake/build/lib/lean:/home/bashar/lean/.lake/packages/MD4Lean/.lake/build/lib/lean:/home/bashar/lean/.lake/packages/BibtexQuery/.lake/build/lib/lean:/home/bashar/lean/.lake/packages/UnicodeBasic/.lake/build/lib/lean:/home/bashar/lean/.lake/packages/Cli/.lake/build/lib/lean:/home/bashar/lean/.lake/build/lib/lean:/home/bashar/lean/.lake/packages/doc-gen4/.lake/build/lib/lean:/home/bashar/lean/docbuild/.lake/build/lib/lean:/home/bashar/.elan/toolchains/leanprover--lean4---v4.24.0-rc1/lib/lean LEAN_SRC_PATH=/home/bashar/lean/.lake/packages/batteries:/home/bashar/lean/.lake/packages/batteries:/home/bashar/lean/.lake/packages/Qq:/home/bashar/lean/.lake/packages/aesop:/home/bashar/lean/.lake/packages/aesop:/home/bashar/lean/.lake/packages/proofwidgets:/home/bashar/lean/.lake/packages/proofwidgets:/home/bashar/lean/.lake/packages/importGraph:/home/bashar/lean/.lake/packages/importGraph:/home/bashar/lean/.lake/packages/LeanSearchClient:/home/bashar/lean/.lake/packages/LeanSearchClient:/home/bashar/lean/.lake/packages/plausible:/home/bashar/lean/.lake/packages/plausible:/home/bashar/lean/.lake/packages/mathlib:/home/bashar/lean/.lake/packages/mathlib:/home/bashar/lean/.lake/packages/mathlib:/home/bashar/lean/.lake/packages/mathlib:/home/bashar/lean/.lake/packages/mathlib:/home/bashar/lean/.lake/packages/mathlib:/home/bashar/lean/.lake/packages/mathlib:/home/bashar/lean/.lake/packages/MD4Lean:/home/bashar/lean/.lake/packages/MD4Lean:/home/bashar/lean/.lake/packages/BibtexQuery:/home/bashar/lean/.lake/packages/UnicodeBasic:/home/bashar/lean/.lake/packages/UnicodeBasic:/home/bashar/lean/.lake/packages/Cli:/home/bashar/lean/.lake/packages/Cli:/home/bashar/lean:/home/bashar/lean/.lake/packages/doc-gen4:/home/bashar/.elan/toolchains/leanprover--lean4---v4.24.0-rc1/src/lean/lake LEAN_GITHASH=919e297292280cdb27598edd4e03437be5850221 PATH LD_LIBRARY_PATH=/home/bashar/.elan/toolchains/leanprover--lean4---v4.24.0-rc1/lib/lean:/home/bashar/.elan/toolchains/leanprover--lean4---v4.24.0-rc1/lib:/home/bashar/lean/docbuild/.lake/build/lib:/home/bashar/lean/.lake/packages/doc-gen4/.lake/build/lib:/home/bashar/lean/.lake/build/lib:/home/bashar/lean/.lake/packages/Cli/.lake/build/lib:/home/bashar/lean/.lake/packages/UnicodeBasic/.lake/build/lib:/home/bashar/lean/.lake/packages/BibtexQuery/.lake/build/lib:/home/bashar/lean/.lake/packages/MD4Lean/.lake/build/lib:/home/bashar/lean/.lake/packages/mathlib/.lake/build/lib:/home/bashar/lean/.lake/packages/plausible/.lake/build/lib:/home/bashar/lean/.lake/packages/LeanSearchClient/.lake/build/lib:/home/bashar/lean/.lake/packages/importGraph/.lake/build/lib:/home/bashar/lean/.lake/packages/proofwidgets/.lake/build/lib:/home/bashar/lean/.lake/packages/aesop/.lake/build/lib:/home/bashar/lean/.lake/packages/Qq/.lake/build/lib:/home/bashar/lean/.lake/packages/batteries/.lake/build/lib /home/bashar/lean/.lake/packages/doc-gen4/.lake/build/bin/doc-gen4 single --build /home/bashar/lean/docbuild/.lake/build Mathlib.Tactic.Common https://github.com/leanprover-community/mathlib4/blob/6576717c16350fe6cbbe6cecfa2b1abe6b05a36a/Mathlib/Tactic/Common.lean",
   "level": "trace"}],
 "inputs":
 [["<collection>",
   [["/home/bashar/lean/docbuild/.lake/build/doc/Aesop.html",
     "753489730338556274"],
    ["/home/bashar/lean/docbuild/.lake/build/doc/Qq.html",
     "4079309928026305755"],
    ["/home/bashar/lean/docbuild/.lake/build/doc/Plausible.html",
     "908390757227605440"],
    ["/home/bashar/lean/docbuild/.lake/build/doc/ImportGraph/Imports.html",
     "16045888098343072384"],
    ["/home/bashar/lean/docbuild/.lake/build/doc/Batteries/Tactic/Basic.html",
     "13522054035280811155"],
    ["/home/bashar/lean/docbuild/.lake/build/doc/Batteries/Tactic/Case.html",
     "5936806215689378308"],
    ["/home/bashar/lean/docbuild/.lake/build/doc/Batteries/Tactic/HelpCmd.html",
     "4804553693118316813"],
    ["/home/bashar/lean/docbuild/.lake/build/doc/LeanSearchClient.html",
     "16338284956018294328"],
    ["/home/bashar/lean/docbuild/.lake/build/doc/Mathlib/Tactic/Linter/Lint.html",
     "12822297829013388287"],
    ["/home/bashar/lean/docbuild/.lake/build/doc/Mathlib/Tactic/ApplyCongr.html",
     "4043331372839859700"],
    ["/home/bashar/lean/docbuild/.lake/build/doc/Mathlib/Tactic/ApplyAt.html",
     "503029474437186824"],
    ["/home/bashar/lean/docbuild/.lake/build/doc/Mathlib/Tactic/ApplyWith.html",
     "17550418415989932033"],
    ["/home/bashar/lean/docbuild/.lake/build/doc/Mathlib/Tactic/Basic.html",
     "6595844764791492184"],
    ["/home/bashar/lean/docbuild/.lake/build/doc/Mathlib/Tactic/ByContra.html",
     "7532918016266354265"],
    ["/home/bashar/lean/docbuild/.lake/build/doc/Mathlib/Tactic/CasesM.html",
     "12938539602041415724"],
    ["/home/bashar/lean/docbuild/.lake/build/doc/Mathlib/Tactic/Check.html",
     "3484880429390050607"],
    ["/home/bashar/lean/docbuild/.lake/build/doc/Mathlib/Tactic/Choose.html",
     "7039681198013564169"],
    ["/home/bashar/lean/docbuild/.lake/build/doc/Mathlib/Tactic/ClearExclamation.html",
     "17780462815282790434"],
    ["/home/bashar/lean/docbuild/.lake/build/doc/Mathlib/Tactic/ClearExcept.html",
     "7857839890674034919"],
    ["/home/bashar/lean/docbuild/.lake/build/doc/Mathlib/Tactic/Clear_.html",
     "16383762964796792454"],
    ["/home/bashar/lean/docbuild/.lake/build/doc/Mathlib/Tactic/Coe.html",
     "16400061896731415540"],
    ["/home/bashar/lean/docbuild/.lake/build/doc/Mathlib/Tactic/CongrExclamation.html",
     "10896025136309388363"],
    ["/home/bashar/lean/docbuild/.lake/build/doc/Mathlib/Tactic/CongrM.html",
     "12955761480476972625"],
    ["/home/bashar/lean/docbuild/.lake/build/doc/Mathlib/Tactic/Constructor.html",
     "9928982644754586003"],
    ["/home/bashar/lean/docbuild/.lake/build/doc/Mathlib/Tactic/Contrapose.html",
     "3998956434732768664"],
    ["/home/bashar/lean/docbuild/.lake/build/doc/Mathlib/Tactic/Conv.html",
     "2101222932603549293"],
    ["/home/bashar/lean/docbuild/.lake/build/doc/Mathlib/Tactic/Convert.html",
     "5878810104120005318"],
    ["/home/bashar/lean/docbuild/.lake/build/doc/Mathlib/Tactic/DefEqTransformations.html",
     "920068532057827565"],
    ["/home/bashar/lean/docbuild/.lake/build/doc/Mathlib/Tactic/DeprecateTo.html",
     "2713458213847015600"],
    ["/home/bashar/lean/docbuild/.lake/build/doc/Mathlib/Tactic/ErwQuestion.html",
     "3024462020580256272"],
    ["/home/bashar/lean/docbuild/.lake/build/doc/Mathlib/Tactic/Eqns.html",
     "8368603950163452601"],
    ["/home/bashar/lean/docbuild/.lake/build/doc/Mathlib/Tactic/ExistsI.html",
     "12493680531245230903"],
    ["/home/bashar/lean/docbuild/.lake/build/doc/Mathlib/Tactic/ExtractGoal.html",
     "6822931872583250920"],
    ["/home/bashar/lean/docbuild/.lake/build/doc/Mathlib/Tactic/FailIfNoProgress.html",
     "5419607900648145257"],
    ["/home/bashar/lean/docbuild/.lake/build/doc/Mathlib/Tactic/Find.html",
     "7532917032390512201"],
    ["/home/bashar/lean/docbuild/.lake/build/doc/Mathlib/Tactic/GCongr.html",
     "1926645480529294553"],
    ["/home/bashar/lean/docbuild/.lake/build/doc/Mathlib/Tactic/GRewrite.html",
     "4102313706429450615"],
    ["/home/bashar/lean/docbuild/.lake/build/doc/Mathlib/Tactic/GeneralizeProofs.html",
     "3806463832765781836"],
    ["/home/bashar/lean/docbuild/.lake/build/doc/Mathlib/Tactic/GuardGoalNums.html",
     "2687167379312356055"],
    ["/home/bashar/lean/docbuild/.lake/build/doc/Mathlib/Tactic/GuardHypNums.html",
     "10759923200890709460"],
    ["/home/bashar/lean/docbuild/.lake/build/doc/Mathlib/Tactic/HigherOrder.html",
     "10617569468100552502"],
    ["/home/bashar/lean/docbuild/.lake/build/doc/Mathlib/Tactic/Hint.html",
     "4852399524978300159"],
    ["/home/bashar/lean/docbuild/.lake/build/doc/Mathlib/Tactic/InferParam.html",
     "10469196702236430735"],
    ["/home/bashar/lean/docbuild/.lake/build/doc/Mathlib/Tactic/Inhabit.html",
     "9464104109824536275"],
    ["/home/bashar/lean/docbuild/.lake/build/doc/Mathlib/Tactic/IrreducibleDef.html",
     "13260886248339305581"],
    ["/home/bashar/lean/docbuild/.lake/build/doc/Mathlib/Tactic/Lift.html",
     "13308127659125621617"],
    ["/home/bashar/lean/docbuild/.lake/build/doc/Mathlib/Tactic/Linter.html",
     "4795346885607427301"],
    ["/home/bashar/lean/docbuild/.lake/build/doc/Mathlib/Tactic/MkIffOfInductiveProp.html",
     "15316344779980128462"],
    ["/home/bashar/lean/docbuild/.lake/build/doc/Mathlib/Tactic/NthRewrite.html",
     "12179620961622909181"],
    ["/home/bashar/lean/docbuild/.lake/build/doc/Mathlib/Tactic/Observe.html",
     "17058971325504072035"],
    ["/home/bashar/lean/docbuild/.lake/build/doc/Mathlib/Tactic/OfNat.html",
     "3987010750887999892"],
    ["/home/bashar/lean/docbuild/.lake/build/doc/Mathlib/Tactic/Propose.html",
     "4340626055025646829"],
    ["/home/bashar/lean/docbuild/.lake/build/doc/Mathlib/Tactic/Push.html",
     "6229626408039711489"],
    ["/home/bashar/lean/docbuild/.lake/build/doc/Mathlib/Tactic/RSuffices.html",
     "10575162289862869593"],
    ["/home/bashar/lean/docbuild/.lake/build/doc/Mathlib/Tactic/Recover.html",
     "13983032550670281859"],
    ["/home/bashar/lean/docbuild/.lake/build/doc/Mathlib/Tactic/Relation/Rfl.html",
     "258197090738541498"],
    ["/home/bashar/lean/docbuild/.lake/build/doc/Mathlib/Tactic/Rename.html",
     "3648404629832021497"],
    ["/home/bashar/lean/docbuild/.lake/build/doc/Mathlib/Tactic/RenameBVar.html",
     "6247768207912204521"],
    ["/home/bashar/lean/docbuild/.lake/build/doc/Mathlib/Tactic/Says.html",
     "11649456221015996740"],
    ["/home/bashar/lean/docbuild/.lake/build/doc/Mathlib/Tactic/ScopedNS.html",
     "14931389052632832042"],
    ["/home/bashar/lean/docbuild/.lake/build/doc/Mathlib/Tactic/Set.html",
     "12234962570082115271"],
    ["/home/bashar/lean/docbuild/.lake/build/doc/Mathlib/Tactic/SimpIntro.html",
     "1249349999830332724"],
    ["/home/bashar/lean/docbuild/.lake/build/doc/Mathlib/Tactic/SimpRw.html",
     "14874488541049860027"],
    ["/home/bashar/lean/docbuild/.lake/build/doc/Mathlib/Tactic/Simps/Basic.html",
     "11213627639772630922"],
    ["/home/bashar/lean/docbuild/.lake/build/doc/Mathlib/Tactic/SplitIfs.html",
     "10433068125336440989"],
    ["/home/bashar/lean/docbuild/.lake/build/doc/Mathlib/Tactic/Spread.html",
     "3603332752196561636"],
    ["/home/bashar/lean/docbuild/.lake/build/doc/Mathlib/Tactic/Subsingleton.html",
     "16174647513285201306"],
    ["/home/bashar/lean/docbuild/.lake/build/doc/Mathlib/Tactic/Substs.html",
     "12204696596191931604"],
    ["/home/bashar/lean/docbuild/.lake/build/doc/Mathlib/Tactic/SuccessIfFailWithMsg.html",
     "14432869595281128317"],
    ["/home/bashar/lean/docbuild/.lake/build/doc/Mathlib/Tactic/SudoSetOption.html",
     "5403993631347524544"],
    ["/home/bashar/lean/docbuild/.lake/build/doc/Mathlib/Tactic/SwapVar.html",
     "6556058651262805250"],
    ["/home/bashar/lean/docbuild/.lake/build/doc/Mathlib/Tactic/Tauto.html",
     "10968700735278093022"],
    ["/home/bashar/lean/docbuild/.lake/build/doc/Mathlib/Tactic/TermCongr.html",
     "16775794909970064963"],
    ["/home/bashar/lean/docbuild/.lake/build/doc/Mathlib/Tactic/ToExpr.html",
     "2586500191806514072"],
    ["/home/bashar/lean/docbuild/.lake/build/doc/Mathlib/Tactic/ToLevel.html",
     "12041689696075669571"],
    ["/home/bashar/lean/docbuild/.lake/build/doc/Mathlib/Tactic/Trace.html",
     "11368885777982875893"],
    ["/home/bashar/lean/docbuild/.lake/build/doc/Mathlib/Tactic/TypeCheck.html",
     "5291771521891994929"],
    ["/home/bashar/lean/docbuild/.lake/build/doc/Mathlib/Tactic/UnsetOption.html",
     "9028361010450125906"],
    ["/home/bashar/lean/docbuild/.lake/build/doc/Mathlib/Tactic/Use.html",
     "14262576910888069020"],
    ["/home/bashar/lean/docbuild/.lake/build/doc/Mathlib/Tactic/Variable.html",
     "16999216005753171295"],
    ["/home/bashar/lean/docbuild/.lake/build/doc/Mathlib/Tactic/Widget/Calc.html",
     "5516359535049431004"],
    ["/home/bashar/lean/docbuild/.lake/build/doc/Mathlib/Tactic/Widget/CongrM.html",
     "7498234869436916431"],
    ["/home/bashar/lean/docbuild/.lake/build/doc/Mathlib/Tactic/Widget/Conv.html",
     "11449753485441049288"],
    ["/home/bashar/lean/docbuild/.lake/build/doc/Mathlib/Tactic/Widget/LibraryRewrite.html",
     "10698186629724778268"],
    ["/home/bashar/lean/docbuild/.lake/build/doc/Mathlib/Tactic/WLOG.html",
     "12667365421723238905"],
    ["/home/bashar/lean/docbuild/.lake/build/doc/Mathlib/Util/AssertExists.html",
     "15599451063707469908"],
    ["/home/bashar/lean/docbuild/.lake/build/doc/Mathlib/Util/CountHeartbeats.html",
     "16011984589736665644"],
    ["/home/bashar/lean/docbuild/.lake/build/doc/Mathlib/Util/PrintSorries.html",
     "10347501082622154569"],
    ["/home/bashar/lean/docbuild/.lake/build/doc/Mathlib/Util/TransImports.html",
     "15925288975769670518"],
    ["/home/bashar/lean/docbuild/.lake/build/doc/Mathlib/Util/WhatsNew.html",
     "10291170507127801187"]]],
  ["/home/bashar/lean/docbuild/.lake/build/doc-data/references.json",
   "11893762902049086281"],
  ["/home/bashar/lean/.lake/packages/doc-gen4/.lake/build/bin/doc-gen4",
   "7994352598371063717"],
  ["Mathlib.Tactic.Common:leanArts", "12248655218297108517"]],
 "depHash": "14747786054878553468"}