{"synthetic": false,
 "outputs": null,
 "log":
 [{"message":
   ".> ELAN=elan ELAN_HOME=/home/bashar/.elan ELAN_TOOLCHAIN=leanprover/lean4:v4.24.0-rc1 LAKE=/home/bashar/.elan/toolchains/leanprover--lean4---v4.24.0-rc1/bin/lake LAKE_HOME=/home/bashar/.elan/toolchains/leanprover--lean4---v4.24.0-rc1 LAKE_PKG_URL_MAP={} LAKE_NO_CACHE=false LAKE_ARTIFACT_CACHE=false LAKE_CACHE_DIR=/home/bashar/.elan/toolchains/leanprover--lean4---v4.24.0-rc1/lake/cache LEAN=/home/bashar/.elan/toolchains/leanprover--lean4---v4.24.0-rc1/bin/lean LEAN_SYSROOT=/home/bashar/.elan/toolchains/leanprover--lean4---v4.24.0-rc1 LEAN_AR=/home/bashar/.elan/toolchains/leanprover--lean4---v4.24.0-rc1/bin/llvm-ar LEAN_CC= LEAN_PATH=/home/bashar/lean/.lake/packages/batteries/.lake/build/lib/lean:/home/bashar/lean/.lake/packages/Qq/.lake/build/lib/lean:/home/bashar/lean/.lake/packages/aesop/.lake/build/lib/lean:/home/bashar/lean/.lake/packages/proofwidgets/.lake/build/lib/lean:/home/bashar/lean/.lake/packages/importGraph/.lake/build/lib/lean:/home/bashar/lean/.lake/packages/LeanSearchClient/.lake/build/lib/lean:/home/bashar/lean/.lake/packages/plausible/.lake/build/lib/lean:/home/bashar/lean/.lake/packages/mathlib/.lake/build/lib/lean:/home/bashar/lean/.lake/packages/MD4Lean/.lake/build/lib/lean:/home/bashar/lean/.lake/packages/BibtexQuery/.lake/build/lib/lean:/home/bashar/lean/.lake/packages/UnicodeBasic/.lake/build/lib/lean:/home/bashar/lean/.lake/packages/Cli/.lake/build/lib/lean:/home/bashar/lean/.lake/build/lib/lean:/home/bashar/lean/.lake/packages/doc-gen4/.lake/build/lib/lean:/home/bashar/lean/docbuild/.lake/build/lib/lean:/home/bashar/.elan/toolchains/leanprover--lean4---v4.24.0-rc1/lib/lean LEAN_SRC_PATH=/home/bashar/lean/.lake/packages/batteries:/home/bashar/lean/.lake/packages/batteries:/home/bashar/lean/.lake/packages/Qq:/home/bashar/lean/.lake/packages/aesop:/home/bashar/lean/.lake/packages/aesop:/home/bashar/lean/.lake/packages/proofwidgets:/home/bashar/lean/.lake/packages/proofwidgets:/home/bashar/lean/.lake/packages/importGraph:/home/bashar/lean/.lake/packages/importGraph:/home/bashar/lean/.lake/packages/LeanSearchClient:/home/bashar/lean/.lake/packages/LeanSearchClient:/home/bashar/lean/.lake/packages/plausible:/home/bashar/lean/.lake/packages/plausible:/home/bashar/lean/.lake/packages/mathlib:/home/bashar/lean/.lake/packages/mathlib:/home/bashar/lean/.lake/packages/mathlib:/home/bashar/lean/.lake/packages/mathlib:/home/bashar/lean/.lake/packages/mathlib:/home/bashar/lean/.lake/packages/mathlib:/home/bashar/lean/.lake/packages/mathlib:/home/bashar/lean/.lake/packages/MD4Lean:/home/bashar/lean/.lake/packages/MD4Lean:/home/bashar/lean/.lake/packages/BibtexQuery:/home/bashar/lean/.lake/packages/UnicodeBasic:/home/bashar/lean/.lake/packages/UnicodeBasic:/home/bashar/lean/.lake/packages/Cli:/home/bashar/lean/.lake/packages/Cli:/home/bashar/lean:/home/bashar/lean/.lake/packages/doc-gen4:/home/bashar/.elan/toolchains/leanprover--lean4---v4.24.0-rc1/src/lean/lake LEAN_GITHASH=919e297292280cdb27598edd4e03437be5850221 PATH LD_LIBRARY_PATH=/home/bashar/.elan/toolchains/leanprover--lean4---v4.24.0-rc1/lib/lean:/home/bashar/.elan/toolchains/leanprover--lean4---v4.24.0-rc1/lib:/home/bashar/lean/docbuild/.lake/build/lib:/home/bashar/lean/.lake/packages/doc-gen4/.lake/build/lib:/home/bashar/lean/.lake/build/lib:/home/bashar/lean/.lake/packages/Cli/.lake/build/lib:/home/bashar/lean/.lake/packages/UnicodeBasic/.lake/build/lib:/home/bashar/lean/.lake/packages/BibtexQuery/.lake/build/lib:/home/bashar/lean/.lake/packages/MD4Lean/.lake/build/lib:/home/bashar/lean/.lake/packages/mathlib/.lake/build/lib:/home/bashar/lean/.lake/packages/plausible/.lake/build/lib:/home/bashar/lean/.lake/packages/LeanSearchClient/.lake/build/lib:/home/bashar/lean/.lake/packages/importGraph/.lake/build/lib:/home/bashar/lean/.lake/packages/proofwidgets/.lake/build/lib:/home/bashar/lean/.lake/packages/aesop/.lake/build/lib:/home/bashar/lean/.lake/packages/Qq/.lake/build/lib:/home/bashar/lean/.lake/packages/batteries/.lake/build/lib /home/bashar/lean/.lake/packages/doc-gen4/.lake/build/bin/doc-gen4 single --build /home/bashar/lean/docbuild/.lake/build Mathlib.RingTheory.Noetherian.Orzech https://github.com/leanprover-community/mathlib4/blob/6576717c16350fe6cbbe6cecfa2b1abe6b05a36a/Mathlib/RingTheory/Noetherian/Orzech.lean",
   "level": "trace"}],
 "inputs":
 [["<collection>",
   [["/home/bashar/lean/docbuild/.lake/build/doc/Mathlib/Algebra/Module/Submodule/IterateMapComap.html",
     "689918270428217243"],
    ["/home/bashar/lean/docbuild/.lake/build/doc/Mathlib/Order/PartialSups.html",
     "4337149950674891475"],
    ["/home/bashar/lean/docbuild/.lake/build/doc/Mathlib/RingTheory/Noetherian/Basic.html",
     "18080134654627200896"],
    ["/home/bashar/lean/docbuild/.lake/build/doc/Mathlib/RingTheory/OrzechProperty.html",
     "16285919597438631364"]]],
  ["/home/bashar/lean/docbuild/.lake/build/doc-data/references.json",
   "11893762902049086281"],
  ["/home/bashar/lean/.lake/packages/doc-gen4/.lake/build/bin/doc-gen4",
   "7994352598371063717"],
  ["Mathlib.RingTheory.Noetherian.Orzech:leanArts", "11332105637175978834"]],
 "depHash": "12612001243761666139"}